###############################################################################
#                                                                             #
# IAR C/C++ Compiler V8.10.3.10338/W32 for 8051         13/Jul/2017  08:58:18 #
# Copyright 2004-2011 IAR Systems AB.                                         #
#                                                                             #
#    Core               =  plain                                              #
#    Code model         =  banked                                             #
#    Data model         =  large                                              #
#    Calling convention =  xdata reentrant                                    #
#    Constant location  =  data_rom                                           #
#    Dptr setup         =  1,16                                               #
#    Source file        =  C:\Qt\qtcreator-2.2.1\ZStack-CC2530-2.5.1a_KeyOK\C #
#                          omponents\hal\target\CC2530EB\hal_key.c            #
#    Command line       =  -f C:\Qt\qtcreator-2.2.1\ZStack-CC2530-2.5.1a_KeyO #
#                          K\Projects\zstack\Samples\SampleApp\CC2530DB\..\.. #
#                          \..\Tools\CC2530DB\f8wCoord.cfg (-DCPU32MHZ        #
#                          -DROOT=__near_func -DMAC_CFG_APP_PENDING_QUEUE=TRU #
#                          E -DMAC_CFG_TX_DATA_MAX=5 -DMAC_CFG_TX_MAX=8       #
#                          -DMAC_CFG_RX_MAX=5 -DZDO_COORDINATOR -DRTR_NWK)    #
#                          -f C:\Qt\qtcreator-2.2.1\ZStack-CC2530-2.5.1a_KeyO #
#                          K\Projects\zstack\Samples\SampleApp\CC2530DB\..\.. #
#                          \..\Tools\CC2530DB\f8wConfig.cfg (-DZIGBEEPRO      #
#                          -DSECURE=0 -DZG_SECURE_DYNAMIC=0 -DREFLECTOR       #
#                          -DDEFAULT_CHANLIST=0x00400000                      #
#                          -DZDAPP_CONFIG_PAN_ID=0xFFFF                       #
#                          -DNWK_START_DELAY=100 -DEXTENDED_JOINING_RANDOM_MA #
#                          SK=0x007F -DBEACON_REQUEST_DELAY=100               #
#                          -DBEACON_REQ_DELAY_MASK=0x00FF                     #
#                          -DLINK_STATUS_JITTER_MASK=0x007F                   #
#                          -DROUTE_EXPIRY_TIME=30 -DAPSC_ACK_WAIT_DURATION_PO #
#                          LLED=3000 -DNWK_INDIRECT_MSG_TIMEOUT=7             #
#                          -DMAX_RREQ_ENTRIES=8 -DAPSC_MAX_FRAME_RETRIES=3    #
#                          -DNWK_MAX_DATA_RETRIES=2                           #
#                          -DMAX_POLL_FAILURE_RETRIES=2 -DMAX_BCAST=9         #
#                          -DAPS_MAX_GROUPS=16 -DMAX_RTG_ENTRIES=40           #
#                          -DNWK_MAX_BINDING_ENTRIES=4                        #
#                          -DMAX_BINDING_CLUSTER_IDS=4 "-DDEFAULT_KEY={0x01,  #
#                          0x03, 0x05, 0x07, 0x09, 0x0B, 0x0D, 0x0F, 0x00,    #
#                          0x02, 0x04, 0x06, 0x08, 0x0A, 0x0C, 0x0D}"         #
#                          -DMAC_MAX_FRAME_SIZE=116                           #
#                          -DZDNWKMGR_MIN_TRANSMISSIONS=20 "-DCONST=const     #
#                          __code" -DGENERIC=__generic                        #
#                          -DRFD_RCVC_ALWAYS_ON=FALSE -DPOLL_RATE=1000        #
#                          -DQUEUED_POLL_RATE=100 -DRESPONSE_POLL_RATE=100)   #
#                          -DREJOIN_POLL_RATE=440 C:\Qt\qtcreator-2.2.1\ZStac #
#                          k-CC2530-2.5.1a_KeyOK\Components\hal\target\CC2530 #
#                          EB\hal_key.c -D ZTOOL_P1 -D xMT_TASK -D            #
#                          xMT_SYS_FUNC -D xMT_ZDO_FUNC -D                    #
#                          xLCD_SUPPORTED=DEBUG -lC                           #
#                          C:\Qt\qtcreator-2.2.1\ZStack-CC2530-2.5.1a_KeyOK\P #
#                          rojects\zstack\Samples\SampleApp\CC2530DB\Coordina #
#                          torEB\List\ -lA C:\Qt\qtcreator-2.2.1\ZStack-CC253 #
#                          0-2.5.1a_KeyOK\Projects\zstack\Samples\SampleApp\C #
#                          C2530DB\CoordinatorEB\List\ --diag_suppress        #
#                          Pe001,Pa010 -o C:\Qt\qtcreator-2.2.1\ZStack-CC2530 #
#                          -2.5.1a_KeyOK\Projects\zstack\Samples\SampleApp\CC #
#                          2530DB\CoordinatorEB\Obj\ -e --no_code_motion      #
#                          --debug --core=plain --dptr=16,1                   #
#                          --data_model=large --code_model=banked             #
#                          --calling_convention=xdata_reentrant               #
#                          --place_constants=data_rom --nr_virtual_regs 16    #
#                          -I C:\Qt\qtcreator-2.2.1\ZStack-CC2530-2.5.1a_KeyO #
#                          K\Projects\zstack\Samples\SampleApp\CC2530DB\ -I   #
#                          C:\Qt\qtcreator-2.2.1\ZStack-CC2530-2.5.1a_KeyOK\P #
#                          rojects\zstack\Samples\SampleApp\CC2530DB\..\Sourc #
#                          e\ -I C:\Qt\qtcreator-2.2.1\ZStack-CC2530-2.5.1a_K #
#                          eyOK\Projects\zstack\Samples\SampleApp\CC2530DB\.. #
#                          \..\..\ZMain\TI2530DB\ -I                          #
#                          C:\Qt\qtcreator-2.2.1\ZStack-CC2530-2.5.1a_KeyOK\P #
#                          rojects\zstack\Samples\SampleApp\CC2530DB\..\..\.. #
#                          \..\..\Components\hal\include\ -I                  #
#                          C:\Qt\qtcreator-2.2.1\ZStack-CC2530-2.5.1a_KeyOK\P #
#                          rojects\zstack\Samples\SampleApp\CC2530DB\..\..\.. #
#                          \..\..\Components\hal\target\CC2530EB\ -I          #
#                          C:\Qt\qtcreator-2.2.1\ZStack-CC2530-2.5.1a_KeyOK\P #
#                          rojects\zstack\Samples\SampleApp\CC2530DB\..\..\.. #
#                          \..\..\Components\mac\include\ -I                  #
#                          C:\Qt\qtcreator-2.2.1\ZStack-CC2530-2.5.1a_KeyOK\P #
#                          rojects\zstack\Samples\SampleApp\CC2530DB\..\..\.. #
#                          \..\..\Components\mac\high_level\ -I               #
#                          C:\Qt\qtcreator-2.2.1\ZStack-CC2530-2.5.1a_KeyOK\P #
#                          rojects\zstack\Samples\SampleApp\CC2530DB\..\..\.. #
#                          \..\..\Components\mac\low_level\srf04\ -I          #
#                          C:\Qt\qtcreator-2.2.1\ZStack-CC2530-2.5.1a_KeyOK\P #
#                          rojects\zstack\Samples\SampleApp\CC2530DB\..\..\.. #
#                          \..\..\Components\mac\low_level\srf04\single_chip\ #
#                           -I C:\Qt\qtcreator-2.2.1\ZStack-CC2530-2.5.1a_Key #
#                          OK\Projects\zstack\Samples\SampleApp\CC2530DB\..\. #
#                          .\..\..\..\Components\mt\ -I                       #
#                          C:\Qt\qtcreator-2.2.1\ZStack-CC2530-2.5.1a_KeyOK\P #
#                          rojects\zstack\Samples\SampleApp\CC2530DB\..\..\.. #
#                          \..\..\Components\osal\include\ -I                 #
#                          C:\Qt\qtcreator-2.2.1\ZStack-CC2530-2.5.1a_KeyOK\P #
#                          rojects\zstack\Samples\SampleApp\CC2530DB\..\..\.. #
#                          \..\..\Components\services\saddr\ -I               #
#                          C:\Qt\qtcreator-2.2.1\ZStack-CC2530-2.5.1a_KeyOK\P #
#                          rojects\zstack\Samples\SampleApp\CC2530DB\..\..\.. #
#                          \..\..\Components\services\sdata\ -I               #
#                          C:\Qt\qtcreator-2.2.1\ZStack-CC2530-2.5.1a_KeyOK\P #
#                          rojects\zstack\Samples\SampleApp\CC2530DB\..\..\.. #
#                          \..\..\Components\stack\af\ -I                     #
#                          C:\Qt\qtcreator-2.2.1\ZStack-CC2530-2.5.1a_KeyOK\P #
#                          rojects\zstack\Samples\SampleApp\CC2530DB\..\..\.. #
#                          \..\..\Components\stack\nwk\ -I                    #
#                          C:\Qt\qtcreator-2.2.1\ZStack-CC2530-2.5.1a_KeyOK\P #
#                          rojects\zstack\Samples\SampleApp\CC2530DB\..\..\.. #
#                          \..\..\Components\stack\sapi\ -I                   #
#                          C:\Qt\qtcreator-2.2.1\ZStack-CC2530-2.5.1a_KeyOK\P #
#                          rojects\zstack\Samples\SampleApp\CC2530DB\..\..\.. #
#                          \..\..\Components\stack\sec\ -I                    #
#                          C:\Qt\qtcreator-2.2.1\ZStack-CC2530-2.5.1a_KeyOK\P #
#                          rojects\zstack\Samples\SampleApp\CC2530DB\..\..\.. #
#                          \..\..\Components\stack\sys\ -I                    #
#                          C:\Qt\qtcreator-2.2.1\ZStack-CC2530-2.5.1a_KeyOK\P #
#                          rojects\zstack\Samples\SampleApp\CC2530DB\..\..\.. #
#                          \..\..\Components\stack\zdo\ -I                    #
#                          C:\Qt\qtcreator-2.2.1\ZStack-CC2530-2.5.1a_KeyOK\P #
#                          rojects\zstack\Samples\SampleApp\CC2530DB\..\..\.. #
#                          \..\..\Components\zmac\ -I                         #
#                          C:\Qt\qtcreator-2.2.1\ZStack-CC2530-2.5.1a_KeyOK\P #
#                          rojects\zstack\Samples\SampleApp\CC2530DB\..\..\.. #
#                          \..\..\Components\zmac\f8w\ -Ohz                   #
#                          --require_prototypes                               #
#    List file          =  C:\Qt\qtcreator-2.2.1\ZStack-CC2530-2.5.1a_KeyOK\P #
#                          rojects\zstack\Samples\SampleApp\CC2530DB\Coordina #
#                          torEB\List\hal_key.lst                             #
#    Object file        =  C:\Qt\qtcreator-2.2.1\ZStack-CC2530-2.5.1a_KeyOK\P #
#                          rojects\zstack\Samples\SampleApp\CC2530DB\Coordina #
#                          torEB\Obj\hal_key.r51                              #
#                                                                             #
#                                                                             #
###############################################################################

C:\Qt\qtcreator-2.2.1\ZStack-CC2530-2.5.1a_KeyOK\Components\hal\target\CC2530EB\hal_key.c
      1          /**************************************************************************************************
      2            Filename:       hal_key.c
      3            Revised:        $Date: 2010-09-15 19:02:45 -0700 (Wed, 15 Sep 2010) $
      4            Revision:       $Revision: 23815 $
      5          
      6            Description:    This file contains the interface to the HAL KEY Service.
      7          
      8          
      9            Copyright 2006-2010 Texas Instruments Incorporated. All rights reserved.
     10          
     11            IMPORTANT: Your use of this Software is limited to those specific rights
     12            granted under the terms of a software license agreement between the user
     13            who downloaded the software, his/her employer (which must be your employer)
     14            and Texas Instruments Incorporated (the "License").  You may not use this
     15            Software unless you agree to abide by the terms of the License. The License
     16            limits your use, and you acknowledge, that the Software may not be modified,
     17            copied or distributed unless embedded on a Texas Instruments microcontroller
     18            or used solely and exclusively in conjunction with a Texas Instruments radio
     19            frequency transceiver, which is integrated into your product.  Other than for
     20            the foregoing purpose, you may not use, reproduce, copy, prepare derivative
     21            works of, modify, distribute, perform, display or sell this Software and/or
     22            its documentation for any purpose.
     23          
     24            YOU FURTHER ACKNOWLEDGE AND AGREE THAT THE SOFTWARE AND DOCUMENTATION ARE
     25            PROVIDED “AS IS?WITHOUT WARRANTY OF ANY KIND, EITHER EXPRESS OR IMPLIED,
     26            INCLUDING WITHOUT LIMITATION, ANY WARRANTY OF MERCHANTABILITY, TITLE,
     27            NON-INFRINGEMENT AND FITNESS FOR A PARTICULAR PURPOSE. IN NO EVENT SHALL
     28            TEXAS INSTRUMENTS OR ITS LICENSORS BE LIABLE OR OBLIGATED UNDER CONTRACT,
     29            NEGLIGENCE, STRICT LIABILITY, CONTRIBUTION, BREACH OF WARRANTY, OR OTHER
     30            LEGAL EQUITABLE THEORY ANY DIRECT OR INDIRECT DAMAGES OR EXPENSES
     31            INCLUDING BUT NOT LIMITED TO ANY INCIDENTAL, SPECIAL, INDIRECT, PUNITIVE
     32            OR CONSEQUENTIAL DAMAGES, LOST PROFITS OR LOST DATA, COST OF PROCUREMENT
     33            OF SUBSTITUTE GOODS, TECHNOLOGY, SERVICES, OR ANY CLAIMS BY THIRD PARTIES
     34            (INCLUDING BUT NOT LIMITED TO ANY DEFENSE THEREOF), OR OTHER SIMILAR COSTS.
     35          
     36            Should you have any questions regarding your right to use this Software,
     37            contact Texas Instruments Incorporated at www.TI.com.
     38          **************************************************************************************************/
     39          /*********************************************************************
     40           NOTE: If polling is used, the hal_driver task schedules the KeyRead()
     41                 to occur every 100ms.  This should be long enough to naturally
     42                 debounce the keys.  The KeyRead() function remembers the key
     43                 state of the previous poll and will only return a non-zero
     44                 value if the key state changes.
     45          
     46           NOTE: If interrupts are used, the KeyRead() function is scheduled
     47                 25ms after the interrupt occurs by the ISR.  This delay is used
     48                 for key debouncing.  The ISR disables any further Key interrupt
     49                 until KeyRead() is executed.  KeyRead() will re-enable Key
     50                 interrupts after executing.  Unlike polling, when interrupts
     51                 are enabled, the previous key state is not remembered.  This
     52                 means that KeyRead() will return the current state of the keys
     53                 (not a change in state of the keys).
     54          
     55           NOTE: If interrupts are used, the KeyRead() fucntion is scheduled by
     56                 the ISR.  Therefore, the joystick movements will only be detected
     57                 during a pushbutton interrupt caused by S1 or the center joystick
     58                 pushbutton.
     59          
     60           NOTE: When a switch like S1 is pushed, the S1 signal goes from a normally
     61                 high state to a low state.  This transition is typically clean.  The
     62                 duration of the low state is around 200ms.  When the signal returns
     63                 to the high state, there is a high likelihood of signal bounce, which
     64                 causes a unwanted interrupts.  Normally, we would set the interrupt
     65                 edge to falling edge to generate an interrupt when S1 is pushed, but
     66                 because of the signal bounce, it is better to set the edge to rising
     67                 edge to generate an interrupt when S1 is released.  The debounce logic
     68                 can then filter out the signal bounce.  The result is that we typically
     69                 get only 1 interrupt per button push.  This mechanism is not totally
     70                 foolproof because occasionally, signal bound occurs during the falling
     71                 edge as well.  A similar mechanism is used to handle the joystick
     72                 pushbutton on the DB.  For the EB, we do not have independent control
     73                 of the interrupt edge for the S1 and center joystick pushbutton.  As
     74                 a result, only one or the other pushbuttons work reasonably well with
     75                 interrupts.  The default is the make the S1 switch on the EB work more
     76                 reliably.
     77          
     78          *********************************************************************/
     79          
     80          /**************************************************************************************************
     81           *                                            INCLUDES
     82           **************************************************************************************************/
     83          #include "hal_mcu.h"

   \                                 In  segment SFR_AN, at 0x80
   \   union <unnamed> volatile __sfr _A_P0
   \                     _A_P0:
   \   000000                DS 1

   \                                 In  segment SFR_AN, at 0x89
   \   unsigned char volatile __sfr P0IFG
   \                     P0IFG:
   \   000000                DS 1

   \                                 In  segment SFR_AN, at 0x8b
   \   unsigned char volatile __sfr P2IFG
   \                     P2IFG:
   \   000000                DS 1

   \                                 In  segment SFR_AN, at 0x8c
   \   unsigned char volatile __sfr PICTL
   \                     PICTL:
   \   000000                DS 1

   \                                 In  segment SFR_AN, at 0x9a
   \   unsigned char volatile __sfr IEN2
   \                     IEN2:
   \   000000                DS 1

   \                                 In  segment SFR_AN, at 0xa0
   \   union <unnamed> volatile __sfr _A_P2
   \                     _A_P2:
   \   000000                DS 1

   \                                 In  segment SFR_AN, at 0xa8
   \   union <unnamed> volatile __sfr _A_IEN0
   \                     _A_IEN0:
   \   000000                DS 1

   \                                 In  segment SFR_AN, at 0xab
   \   unsigned char volatile __sfr P0IEN
   \                     P0IEN:
   \   000000                DS 1

   \                                 In  segment SFR_AN, at 0xac
   \   unsigned char volatile __sfr P2IEN
   \                     P2IEN:
   \   000000                DS 1

   \                                 In  segment SFR_AN, at 0xb8
   \   union <unnamed> volatile __sfr _A_IEN1
   \                     _A_IEN1:
   \   000000                DS 1

   \                                 In  segment SFR_AN, at 0xc0
   \   union <unnamed> volatile __sfr _A_IRCON
   \                     _A_IRCON:
   \   000000                DS 1

   \                                 In  segment SFR_AN, at 0xe8
   \   union <unnamed> volatile __sfr _A_IRCON2
   \                     _A_IRCON2:
   \   000000                DS 1

   \                                 In  segment SFR_AN, at 0xf3
   \   unsigned char volatile __sfr P0SEL
   \                     P0SEL:
   \   000000                DS 1

   \                                 In  segment SFR_AN, at 0xfd
   \   unsigned char volatile __sfr P0DIR
   \                     P0DIR:
   \   000000                DS 1
     84          #include "hal_defs.h"
     85          #include "hal_types.h"
     86          #include "hal_board.h"
     87          #include "hal_drivers.h"
     88          #include "hal_adc.h"
     89          #include "hal_key.h"
     90          #include "osal.h"
     91          
     92          #if (defined HAL_KEY) && (HAL_KEY == TRUE)
     93          
     94          /**************************************************************************************************
     95           *                                              MACROS
     96           **************************************************************************************************/
     97          
     98          /**************************************************************************************************
     99           *                                            CONSTANTS
    100           **************************************************************************************************/
    101          #define HAL_KEY_RISING_EDGE   0
    102          #define HAL_KEY_FALLING_EDGE  1
    103          
    104          #define HAL_KEY_DEBOUNCE_VALUE  25
    105          
    106          /* CPU port interrupt */
    107          #define HAL_KEY_CPU_PORT_0_IF P0IF
    108          #define HAL_KEY_CPU_PORT_2_IF P2IF
    109          
    110          /* SW_6 is at P0.1 */
    111          #define HAL_KEY_SW_6_PORT   P0
    112          #define HAL_KEY_SW_6_BIT    BV(1)
    113          #define HAL_KEY_SW_6_SEL    P0SEL
    114          #define HAL_KEY_SW_6_DIR    P0DIR
    115          
    116          /* SW_6 is at P0.0 */
    117          #define HAL_KEY_SW_7_PORT   P0
    118          #define HAL_KEY_SW_7_BIT    BV(0)
    119          #define HAL_KEY_SW_7_SEL    P0SEL
    120          #define HAL_KEY_SW_7_DIR    P0DIR
    121          
    122          
    123          /* edge interrupt */
    124          #define HAL_KEY_SW_6_EDGEBIT  BV(0)
    125          #define HAL_KEY_SW_6_EDGE     HAL_KEY_FALLING_EDGE
    126          
    127          
    128          /* SW_6 interrupts */
    129          #define HAL_KEY_SW_6_IEN      IEN1  /* CPU interrupt mask register */
    130          #define HAL_KEY_SW_6_IENBIT   BV(5) /* Mask bit for all of Port_0 */
    131          #define HAL_KEY_SW_6_ICTL     P0IEN /* Port Interrupt Control register */
    132          #define HAL_KEY_SW_6_ICTLBIT  BV(1) /* P0IEN - P0.1 enable/disable bit */
    133          #define HAL_KEY_SW_6_PXIFG    P0IFG /* Interrupt flag at source */
    134          
    135          #define HAL_KEY_SW_7_IEN      IEN1  /* CPU interrupt mask register */
    136          #define HAL_KEY_SW_7_IENBIT   BV(5) /* Mask bit for all of Port_0 */
    137          #define HAL_KEY_SW_7_ICTL     P0IEN /* Port Interrupt Control register */
    138          #define HAL_KEY_SW_7_ICTLBIT  BV(0) /* P0IEN - P0.0 enable/disable bit */
    139          #define HAL_KEY_SW_7_PXIFG    P0IFG /* Interrupt flag at source */
    140          
    141          
    142          /* Joy stick move at P2.0 */
    143          #define HAL_KEY_JOY_MOVE_PORT   P2
    144          #define HAL_KEY_JOY_MOVE_BIT    BV(0)
    145          #define HAL_KEY_JOY_MOVE_SEL    P2SEL
    146          #define HAL_KEY_JOY_MOVE_DIR    P2DIR
    147          
    148          /* edge interrupt */
    149          #define HAL_KEY_JOY_MOVE_EDGEBIT  BV(3)
    150          #define HAL_KEY_JOY_MOVE_EDGE     HAL_KEY_FALLING_EDGE
    151          
    152          /* Joy move interrupts */
    153          #define HAL_KEY_JOY_MOVE_IEN      IEN2  /* CPU interrupt mask register */
    154          #define HAL_KEY_JOY_MOVE_IENBIT   BV(1) /* Mask bit for all of Port_2 */
    155          #define HAL_KEY_JOY_MOVE_ICTL     P2IEN /* Port Interrupt Control register */
    156          #define HAL_KEY_JOY_MOVE_ICTLBIT  BV(0) /* P2IENL - P2.0<->P2.3 enable/disable bit */
    157          #define HAL_KEY_JOY_MOVE_PXIFG    P2IFG /* Interrupt flag at source */
    158          
    159          #define HAL_KEY_JOY_CHN   HAL_ADC_CHANNEL_6
    160          
    161          
    162          /**************************************************************************************************
    163           *                                            TYPEDEFS
    164           **************************************************************************************************/
    165          
    166          
    167          /**************************************************************************************************
    168           *                                        GLOBAL VARIABLES
    169           **************************************************************************************************/

   \                                 In  segment XDATA_Z, align 1, keep-with-next
    170          static uint8 halKeySavedKeys;     /* used to store previous key state in polling mode */
   \                     halKeySavedKeys:
   \   000000                DS 1
   \   000001                REQUIRE __INIT_XDATA_Z

   \                                 In  segment XDATA_Z, align 1, keep-with-next
    171          static halKeyCBack_t pHalKeyProcessFunction;
   \                     pHalKeyProcessFunction:
   \   000000                DS 2
   \   000002                REQUIRE __INIT_XDATA_Z

   \                                 In  segment XDATA_Z, align 1, keep-with-next
    172          static uint8 HalKeyConfigured;
   \                     HalKeyConfigured:
   \   000000                DS 1
   \   000001                REQUIRE __INIT_XDATA_Z

   \                                 In  segment XDATA_Z, align 1, keep-with-next
    173          bool Hal_KeyIntEnable;            /* interrupt enable/disable flag */
   \                     Hal_KeyIntEnable:
   \   000000                DS 1
   \   000001                REQUIRE __INIT_XDATA_Z
    174          
    175          /**************************************************************************************************
    176           *                                        FUNCTIONS - Local
    177           **************************************************************************************************/
    178          void halProcessKeyInterrupt(void);
    179          uint8 halGetJoyKeyInput(void);
    180          
    181          
    182          
    183          /**************************************************************************************************
    184           *                                        FUNCTIONS - API
    185           **************************************************************************************************/
    186          
    187          
    188          /**************************************************************************************************
    189           * @fn      HalKeyInit
    190           *
    191           * @brief   Initilize Key Service
    192           *
    193           * @param   none
    194           *
    195           * @return  None
    196           **************************************************************************************************/

   \                                 In  segment BANKED_CODE, align 1, keep-with-next
    197          void HalKeyInit( void )
   \                     HalKeyInit:
    198          {
   \   000000   C082         PUSH    DPL
   \   000002   C083         PUSH    DPH
   \   000004                ; Saved register size: 2
   \   000004                ; Auto size: 0
    199            /* Initialize previous key to 0 */
    200            halKeySavedKeys = 0;
   \   000004   90....       MOV     DPTR,#halKeySavedKeys
   \   000007   E4           CLR     A
   \   000008   F0           MOVX    @DPTR,A
    201          
    202            HAL_KEY_SW_6_SEL &= ~(HAL_KEY_SW_6_BIT);    /* Set pin function to GPIO */
   \   000009   53F3FD       ANL     0xf3,#0xfd
    203            HAL_KEY_SW_6_DIR &= ~(HAL_KEY_SW_6_BIT);    /* Set pin direction to Input */
   \   00000C   53FDFD       ANL     0xfd,#0xfd
    204          
    205            //HAL_KEY_JOY_MOVE_SEL &= ~(HAL_KEY_JOY_MOVE_BIT); /* Set pin function to GPIO */
    206            //HAL_KEY_JOY_MOVE_DIR &= ~(HAL_KEY_JOY_MOVE_BIT); /* Set pin direction to Input */
    207            HAL_KEY_SW_7_SEL &= ~(HAL_KEY_SW_7_BIT);    /* Set pin function to GPIO */
   \   00000F   53F3FE       ANL     0xf3,#0xfe
    208            HAL_KEY_SW_7_DIR &= ~(HAL_KEY_SW_7_BIT);    /* Set pin direction to Input */
   \   000012   53FDFE       ANL     0xfd,#0xfe
    209          
    210          
    211            /* Initialize callback function */
    212            pHalKeyProcessFunction  = NULL;
   \   000015   90....       MOV     DPTR,#pHalKeyProcessFunction
   \   000018   F0           MOVX    @DPTR,A
   \   000019   A3           INC     DPTR
   \   00001A   F0           MOVX    @DPTR,A
    213          
    214            /* Start with key is not configured */
    215            HalKeyConfigured = FALSE;
   \   00001B   90....       MOV     DPTR,#HalKeyConfigured
   \   00001E   F0           MOVX    @DPTR,A
    216          }
   \   00001F   02....       LJMP    ?Subroutine0 & 0xFFFF
   \   000022                REQUIRE P0SEL
   \   000022                REQUIRE P0DIR

   \                                 In  segment BANKED_CODE, align 1, keep-with-next
   \                     ?Subroutine0:
   \   000000   D083         POP     DPH
   \   000002   D082         POP     DPL
   \   000004   02....       LJMP    ?BRET
    217          
    218          
    219          /**************************************************************************************************
    220           * @fn      HalKeyConfig
    221           *
    222           * @brief   Configure the Key serivce
    223           *
    224           * @param   interruptEnable - TRUE/FALSE, enable/disable interrupt
    225           *          cback - pointer to the CallBack function
    226           *
    227           * @return  None
    228           **************************************************************************************************/

   \                                 In  segment BANKED_CODE, align 1, keep-with-next
    229          void HalKeyConfig (bool interruptEnable, halKeyCBack_t cback)
   \                     HalKeyConfig:
    230          {
   \   000000   74F7         MOV     A,#-0x9
   \   000002   12....       LCALL   ?BANKED_ENTER_XDATA
   \   000005                ; Saved register size: 9
   \   000005                ; Auto size: 0
   \   000005   E9           MOV     A,R1
    231            /* Enable/Disable Interrupt or */
    232            Hal_KeyIntEnable = interruptEnable;
   \   000006   90....       MOV     DPTR,#Hal_KeyIntEnable
   \   000009   F0           MOVX    @DPTR,A
    233          
    234            /* Register the callback fucntion */
    235            pHalKeyProcessFunction = cback;
   \   00000A   90....       MOV     DPTR,#pHalKeyProcessFunction
   \   00000D   EA           MOV     A,R2
   \   00000E   F0           MOVX    @DPTR,A
   \   00000F   A3           INC     DPTR
   \   000010   EB           MOV     A,R3
   \   000011   F0           MOVX    @DPTR,A
    236          
    237            /* Determine if interrupt is enable or not */
    238            if (Hal_KeyIntEnable)
   \   000012   90....       MOV     DPTR,#Hal_KeyIntEnable
   \   000015   E0           MOVX    A,@DPTR
   \   000016   6033         JZ      ??HalKeyConfig_0
    239            {
    240              /* Rising/Falling edge configuratinn */
    241          
    242              PICTL &= ~(HAL_KEY_SW_6_EDGEBIT);    /* Clear the edge bit */
   \   000018   538CFE       ANL     0x8c,#0xfe
    243              /* For falling edge, the bit must be set. */
    244            #if (HAL_KEY_SW_6_EDGE == HAL_KEY_FALLING_EDGE)
    245              PICTL |= HAL_KEY_SW_6_EDGEBIT;
   \   00001B   438C01       ORL     0x8c,#0x1
    246            #endif
    247          
    248          
    249              /* Interrupt configuration:
    250               * - Enable interrupt generation at the port
    251               * - Enable CPU interrupt
    252               * - Clear any pending interrupt
    253               */
    254              HAL_KEY_SW_6_ICTL |= HAL_KEY_SW_6_ICTLBIT;
   \   00001E   43AB02       ORL     0xab,#0x2
    255              HAL_KEY_SW_6_IEN |= HAL_KEY_SW_6_IENBIT;
   \   000021   D2BD         SETB    0xb8.5
    256              HAL_KEY_SW_6_PXIFG = ~(HAL_KEY_SW_6_BIT);
   \   000023   7589FD       MOV     0x89,#-0x3
    257          
    258          
    259          
    260              /* Rising/Falling edge configuratinn */
    261          
    262              HAL_KEY_JOY_MOVE_ICTL &= ~(HAL_KEY_JOY_MOVE_EDGEBIT);    /* Clear the edge bit */
   \   000026   53ACF7       ANL     0xac,#0xf7
    263              /* For falling edge, the bit must be set. */
    264            #if (HAL_KEY_JOY_MOVE_EDGE == HAL_KEY_FALLING_EDGE)
    265              HAL_KEY_JOY_MOVE_ICTL |= HAL_KEY_JOY_MOVE_EDGEBIT;
   \   000029   43AC08       ORL     0xac,#0x8
    266            #endif
    267          
    268          
    269              /* Interrupt configuration:
    270               * - Enable interrupt generation at the port
    271               * - Enable CPU interrupt
    272               * - Clear any pending interrupt
    273               */
    274              HAL_KEY_JOY_MOVE_ICTL |= HAL_KEY_JOY_MOVE_ICTLBIT;
   \   00002C   43AC01       ORL     0xac,#0x1
    275              HAL_KEY_JOY_MOVE_IEN |= HAL_KEY_JOY_MOVE_IENBIT;
   \   00002F   439A02       ORL     0x9a,#0x2
    276              HAL_KEY_JOY_MOVE_PXIFG = ~(HAL_KEY_JOY_MOVE_BIT);
   \   000032   758BFE       MOV     0x8b,#-0x2
    277          
    278          
    279              /* Do this only after the hal_key is configured - to work with sleep stuff */
    280              if (HalKeyConfigured == TRUE)
   \   000035   90....       MOV     DPTR,#HalKeyConfigured
   \   000038   E0           MOVX    A,@DPTR
   \   000039   6401         XRL     A,#0x1
   \   00003B   7024         JNZ     ??HalKeyConfig_1
    281              {
    282                osal_stop_timerEx(Hal_TaskID, HAL_KEY_EVENT);  /* Cancel polling if active */
   \   00003D                ; Setup parameters for call to function osal_stop_timerEx
   \   00003D   7A01         MOV     R2,#0x1
   \   00003F   7B00         MOV     R3,#0x0
   \   000041   90....       MOV     DPTR,#Hal_TaskID
   \   000044   E0           MOVX    A,@DPTR
   \   000045   F9           MOV     R1,A
   \   000046   12....       LCALL   ??osal_stop_timerEx?relay
   \   000049   8016         SJMP    ??HalKeyConfig_1
    283              }
    284            }
    285            else    /* Interrupts NOT enabled */
    286            {
    287              HAL_KEY_SW_6_ICTL &= ~(HAL_KEY_SW_6_ICTLBIT); /* don't generate interrupt */
   \                     ??HalKeyConfig_0:
   \   00004B   53ABFD       ANL     0xab,#0xfd
    288              HAL_KEY_SW_6_IEN &= ~(HAL_KEY_SW_6_IENBIT);   /* Clear interrupt enable bit */
   \   00004E   C2BD         CLR     0xb8.5
    289          
    290              HAL_KEY_SW_7_ICTL &= ~(HAL_KEY_SW_7_ICTLBIT); /* don't generate interrupt */
   \   000050   53ABFE       ANL     0xab,#0xfe
    291              HAL_KEY_SW_7_IEN &= ~(HAL_KEY_SW_7_IENBIT);   /* Clear interrupt enable bit */
   \   000053   C2BD         CLR     0xb8.5
    292              osal_set_event(Hal_TaskID, HAL_KEY_EVENT);
   \   000055                ; Setup parameters for call to function osal_set_event
   \   000055   7A01         MOV     R2,#0x1
   \   000057   7B00         MOV     R3,#0x0
   \   000059   90....       MOV     DPTR,#Hal_TaskID
   \   00005C   E0           MOVX    A,@DPTR
   \   00005D   F9           MOV     R1,A
   \   00005E   12....       LCALL   ??osal_set_event?relay
    293            }
    294          
    295            /* Key now is configured */
    296            HalKeyConfigured = TRUE;
   \                     ??HalKeyConfig_1:
   \   000061   90....       MOV     DPTR,#HalKeyConfigured
   \   000064   7401         MOV     A,#0x1
   \   000066   F0           MOVX    @DPTR,A
    297          }
   \   000067   FF           MOV     R7,A
   \   000068   02....       LJMP    ?BANKED_LEAVE_XDATA
   \   00006B                REQUIRE PICTL
   \   00006B                REQUIRE P0IEN
   \   00006B                REQUIRE _A_IEN1
   \   00006B                REQUIRE P0IFG
   \   00006B                REQUIRE P2IEN
   \   00006B                REQUIRE IEN2
   \   00006B                REQUIRE P2IFG
    298          
    299          
    300          /**************************************************************************************************
    301           * @fn      HalKeyRead
    302           *
    303           * @brief   Read the current value of a key
    304           *
    305           * @param   None
    306           *
    307           * @return  keys - current keys status
    308           **************************************************************************************************/

   \                                 In  segment BANKED_CODE, align 1, keep-with-next
    309          uint8 HalKeyRead ( void )
   \                     HalKeyRead:
    310          {
   \   000000   74F7         MOV     A,#-0x9
   \   000002   12....       LCALL   ?BANKED_ENTER_XDATA
   \   000005                ; Saved register size: 9
   \   000005                ; Auto size: 0
    311            uint8 keys = 0;
   \   000005   75..00       MOV     ?V0 + 0,#0x0
    312          
    313            if (HAL_PUSH_BUTTON1())
   \   000008   A281         MOV     C,0x80.1
   \   00000A   4003         JC      ??HalKeyRead_0
    314            {
    315              keys |= HAL_KEY_SW_6;
   \   00000C   75..20       MOV     ?V0 + 0,#0x20
    316            }
    317          
    318            if ((HAL_KEY_JOY_MOVE_PORT & HAL_KEY_JOY_MOVE_BIT))  /* Key is active low */
   \                     ??HalKeyRead_0:
   \   00000F   A2A0         MOV     C,0xa0.0
   \   000011   5006         JNC     ??HalKeyRead_1
    319            {
    320              keys |= halGetJoyKeyInput();
   \   000013                ; Setup parameters for call to function halGetJoyKeyInput
   \   000013   12....       LCALL   ??halGetJoyKeyInput?relay
   \   000016   E9           MOV     A,R1
   \   000017   42..         ORL     ?V0 + 0,A
    321            }
    322          
    323            return keys;
   \                     ??HalKeyRead_1:
   \   000019   A9..         MOV     R1,?V0 + 0
   \   00001B                REQUIRE ?Subroutine1
   \   00001B                REQUIRE _A_P0
   \   00001B                REQUIRE _A_P2
   \   00001B                ; // Fall through to label ?Subroutine1
    324          }

   \                                 In  segment BANKED_CODE, align 1, keep-with-next
   \                     ?Subroutine1:
   \   000000   7F01         MOV     R7,#0x1
   \   000002   02....       LJMP    ?BANKED_LEAVE_XDATA
    325          
    326          
    327          /**************************************************************************************************
    328           * @fn      HalKeyPoll
    329           *
    330           * @brief   Called by hal_driver to poll the keys
    331           *
    332           * @param   None
    333           *
    334           * @return  None
    335           **************************************************************************************************/

   \                                 In  segment BANKED_CODE, align 1, keep-with-next
    336          void HalKeyPoll (void)
   \                     HalKeyPoll:
    337          {
   \   000000   C082         PUSH    DPL
   \   000002   C083         PUSH    DPH
   \   000004                ; Saved register size: 2
   \   000004                ; Auto size: 0
    338            uint8 keys = 0;
   \   000004   7900         MOV     R1,#0x0
    339          
    340            //if ((HAL_KEY_JOY_MOVE_PORT & HAL_KEY_JOY_MOVE_BIT))  /* Key is active HIGH */
    341            //{
    342            //  keys = halGetJoyKeyInput();
    343            //}
    344            if (HAL_PUSH_BUTTON1())
   \   000006   A281         MOV     C,0x80.1
   \   000008   4002         JC      ??HalKeyPoll_0
    345              keys |= HAL_KEY_SW_6;
   \   00000A   7920         MOV     R1,#0x20
    346            if (HAL_PUSH_BUTTON3())
   \                     ??HalKeyPoll_0:
   \   00000C   A280         MOV     C,0x80.0
   \   00000E   4004         JC      ??HalKeyPoll_1
    347          	keys |= HAL_KEY_SW_7;
   \   000010   E9           MOV     A,R1
   \   000011   D2E6         SETB    0xE0 /* A   */.6
   \   000013   F9           MOV     R1,A
    348          
    349            /* If interrupts are not enabled, previous key status and current key status
    350             * are compared to find out if a key has changed status.
    351             */
    352            if (!Hal_KeyIntEnable)
   \                     ??HalKeyPoll_1:
   \   000014   90....       MOV     DPTR,#Hal_KeyIntEnable
   \   000017   E0           MOVX    A,@DPTR
   \   000018   7009         JNZ     ??HalKeyPoll_2
    353            {
    354              if (keys == halKeySavedKeys)
   \   00001A   90....       MOV     DPTR,#halKeySavedKeys
   \   00001D   E0           MOVX    A,@DPTR
   \   00001E   69           XRL     A,R1
   \   00001F   6029         JZ      ??HalKeyPoll_3
    355              {
    356                /* Exit - since no keys have changed */
    357                return;
    358              }
    359              /* Store the current keys for comparation next time */
    360              halKeySavedKeys = keys;
   \   000021   E9           MOV     A,R1
   \   000022   F0           MOVX    @DPTR,A
    361            }
    362            else
    363            {
    364              /* Key interrupt handled here */
    365            }
    366          
    367            if (HAL_PUSH_BUTTON1())
   \                     ??HalKeyPoll_2:
   \   000023   A281         MOV     C,0x80.1
   \   000025   4004         JC      ??HalKeyPoll_4
    368            {
    369              keys |= HAL_KEY_SW_6;
   \   000027   E9           MOV     A,R1
   \   000028   D2E5         SETB    0xE0 /* A   */.5
   \   00002A   F9           MOV     R1,A
    370            }
    371          
    372            /* Invoke Callback if new keys were depressed */
    373            if (keys && (pHalKeyProcessFunction))
   \                     ??HalKeyPoll_4:
   \   00002B   E9           MOV     A,R1
   \   00002C   601C         JZ      ??HalKeyPoll_3
   \   00002E   90....       MOV     DPTR,#pHalKeyProcessFunction
   \   000031   E0           MOVX    A,@DPTR
   \   000032   FA           MOV     R2,A
   \   000033   A3           INC     DPTR
   \   000034   E0           MOVX    A,@DPTR
   \   000035   FB           MOV     R3,A
   \   000036   EA           MOV     A,R2
   \   000037   4B           ORL     A,R3
   \   000038   6010         JZ      ??HalKeyPoll_3
    374            {
    375              (pHalKeyProcessFunction) (keys, HAL_KEY_STATE_NORMAL);
   \   00003A                ; Setup parameters for indirect call
   \   00003A   7A00         MOV     R2,#0x0
   \   00003C   90....       MOV     DPTR,#pHalKeyProcessFunction
   \   00003F   E0           MOVX    A,@DPTR
   \   000040   F8           MOV     R0,A
   \   000041   A3           INC     DPTR
   \   000042   E0           MOVX    A,@DPTR
   \   000043   F583         MOV     DPH,A
   \   000045   8882         MOV     DPL,R0
   \   000047   12....       LCALL   ?CALL_IND
    376            }
   \                     ??HalKeyPoll_3:
   \   00004A   02....       LJMP    ?Subroutine0 & 0xFFFF
   \   00004D                REQUIRE _A_P0
    377          }
    378          
    379          /**************************************************************************************************
    380           * @fn      halGetJoyKeyInput
    381           *
    382           * @brief   Map the ADC value to its corresponding key.
    383           *
    384           * @param   None
    385           *
    386           * @return  keys - current joy key status
    387           **************************************************************************************************/

   \                                 In  segment BANKED_CODE, align 1, keep-with-next
    388          uint8 halGetJoyKeyInput(void)
   \                     halGetJoyKeyInput:
    389          {
   \   000000   74F7         MOV     A,#-0x9
   \   000002   12....       LCALL   ?BANKED_ENTER_XDATA
   \   000005                ; Saved register size: 9
   \   000005                ; Auto size: 0
    390            /* The joystick control is encoded as an analog voltage.
    391             * Read the JOY_LEVEL analog value and map it to joy movement.
    392             */
    393            uint8 adc;
    394            uint8 ksave0 = 0;
   \   000005   7E00         MOV     R6,#0x0
    395            uint8 ksave1;
    396          
    397            /* Keep on reading the ADC until two consecutive key decisions are the same. */
    398            do
    399            {
    400              ksave1 = ksave0;    /* save previouse key reading */
   \                     ??halGetJoyKeyInput_0:
   \   000007   EE           MOV     A,R6
   \   000008   FF           MOV     R7,A
    401          
    402              adc = HalAdcRead (HAL_KEY_JOY_CHN, HAL_ADC_RESOLUTION_8);
   \   000009                ; Setup parameters for call to function HalAdcRead
   \   000009   7A01         MOV     R2,#0x1
   \   00000B   7906         MOV     R1,#0x6
   \   00000D   12....       LCALL   ??HalAdcRead?relay
   \   000010   EA           MOV     A,R2
   \   000011   F8           MOV     R0,A
    403          
    404              if ((adc >= 2) && (adc <= 38))
   \   000012   74FE         MOV     A,#-0x2
   \   000014   28           ADD     A,R0
   \   000015   C3           CLR     C
   \   000016   9425         SUBB    A,#0x25
   \   000018   5005         JNC     ??halGetJoyKeyInput_1
    405              {
    406                 ksave0 |= HAL_KEY_UP;
   \   00001A   EE           MOV     A,R6
   \   00001B   D2E0         SETB    0xE0 /* A   */.0
   \   00001D   8032         SJMP    ??halGetJoyKeyInput_2
    407              }
    408              else if ((adc >= 74) && (adc <= 88))
   \                     ??halGetJoyKeyInput_1:
   \   00001F   74B6         MOV     A,#-0x4a
   \   000021   28           ADD     A,R0
   \   000022   C3           CLR     C
   \   000023   940F         SUBB    A,#0xf
   \   000025   5005         JNC     ??halGetJoyKeyInput_3
    409              {
    410                ksave0 |= HAL_KEY_RIGHT;
   \   000027   EE           MOV     A,R6
   \   000028   D2E1         SETB    0xE0 /* A   */.1
   \   00002A   8025         SJMP    ??halGetJoyKeyInput_2
    411              }
    412              else if ((adc >= 60) && (adc <= 73))
   \                     ??halGetJoyKeyInput_3:
   \   00002C   74C4         MOV     A,#-0x3c
   \   00002E   28           ADD     A,R0
   \   00002F   C3           CLR     C
   \   000030   940E         SUBB    A,#0xe
   \   000032   5005         JNC     ??halGetJoyKeyInput_4
    413              {
    414                ksave0 |= HAL_KEY_LEFT;
   \   000034   EE           MOV     A,R6
   \   000035   D2E3         SETB    0xE0 /* A   */.3
   \   000037   8018         SJMP    ??halGetJoyKeyInput_2
    415              }
    416              else if ((adc >= 39) && (adc <= 59))
   \                     ??halGetJoyKeyInput_4:
   \   000039   74D9         MOV     A,#-0x27
   \   00003B   28           ADD     A,R0
   \   00003C   C3           CLR     C
   \   00003D   9415         SUBB    A,#0x15
   \   00003F   5005         JNC     ??halGetJoyKeyInput_5
    417              {
    418                ksave0 |= HAL_KEY_DOWN;
   \   000041   EE           MOV     A,R6
   \   000042   D2E4         SETB    0xE0 /* A   */.4
   \   000044   800B         SJMP    ??halGetJoyKeyInput_2
    419              }
    420              else if ((adc >= 89) && (adc <= 100))
   \                     ??halGetJoyKeyInput_5:
   \   000046   74A7         MOV     A,#-0x59
   \   000048   28           ADD     A,R0
   \   000049   C3           CLR     C
   \   00004A   940C         SUBB    A,#0xc
   \   00004C   5004         JNC     ??halGetJoyKeyInput_6
    421              {
    422                ksave0 |= HAL_KEY_CENTER;
   \   00004E   EE           MOV     A,R6
   \   00004F   D2E2         SETB    0xE0 /* A   */.2
   \                     ??halGetJoyKeyInput_2:
   \   000051   FE           MOV     R6,A
    423              }
    424            } while (ksave0 != ksave1);
   \                     ??halGetJoyKeyInput_6:
   \   000052   EF           MOV     A,R7
   \   000053   6E           XRL     A,R6
   \   000054   70B1         JNZ     ??halGetJoyKeyInput_0
    425          
    426            return ksave0;
   \   000056   EE           MOV     A,R6
   \   000057   F9           MOV     R1,A
   \   000058   02....       LJMP    ?Subroutine1 & 0xFFFF
    427          }
    428          
    429          
    430          
    431          
    432          
    433          /**************************************************************************************************
    434           * @fn      halProcessKeyInterrupt
    435           *
    436           * @brief   Checks to see if it's a valid key interrupt, saves interrupt driven key states for
    437           *          processing by HalKeyRead(), and debounces keys by scheduling HalKeyRead() 25ms later.
    438           *
    439           * @param
    440           *
    441           * @return
    442           **************************************************************************************************/

   \                                 In  segment BANKED_CODE, align 1, keep-with-next
    443          void halProcessKeyInterrupt (void)
   \                     halProcessKeyInterrupt:
    444          {
   \   000000   C082         PUSH    DPL
   \   000002   C083         PUSH    DPH
   \   000004                ; Saved register size: 2
   \   000004                ; Auto size: 0
    445            bool valid=FALSE;
   \   000004   7800         MOV     R0,#0x0
    446          
    447            if (HAL_KEY_SW_6_PXIFG & HAL_KEY_SW_6_BIT)  /* Interrupt Flag has been set */
   \   000006   E589         MOV     A,0x89
   \   000008   A2E1         MOV     C,0xE0 /* A   */.1
   \   00000A   5004         JNC     ??halProcessKeyInterrupt_0
    448            {
    449              HAL_KEY_SW_6_PXIFG = ~(HAL_KEY_SW_6_BIT); /* Clear Interrupt Flag */
   \   00000C   7589FD       MOV     0x89,#-0x3
    450              valid = TRUE;
   \   00000F   08           INC     R0
    451            }
    452          
    453            if (HAL_KEY_JOY_MOVE_PXIFG & HAL_KEY_JOY_MOVE_BIT)  /* Interrupt Flag has been set */
   \                     ??halProcessKeyInterrupt_0:
   \   000010   E58B         MOV     A,0x8b
   \   000012   A2E0         MOV     C,0xE0 /* A   */.0
   \   000014   5005         JNC     ??halProcessKeyInterrupt_1
    454            {
    455              HAL_KEY_JOY_MOVE_PXIFG = ~(HAL_KEY_JOY_MOVE_BIT); /* Clear Interrupt Flag */
   \   000016   758BFE       MOV     0x8b,#-0x2
    456              valid = TRUE;
   \   000019   8005         SJMP    ??halProcessKeyInterrupt_2
    457            }
    458          
    459            if (valid)
   \                     ??halProcessKeyInterrupt_1:
   \   00001B   E8           MOV     A,R0
   \   00001C   A2E0         MOV     C,0xE0 /* A   */.0
   \   00001E   5010         JNC     ??halProcessKeyInterrupt_3
    460            {
    461              osal_start_timerEx (Hal_TaskID, HAL_KEY_EVENT, HAL_KEY_DEBOUNCE_VALUE);
   \                     ??halProcessKeyInterrupt_2:
   \   000020                ; Setup parameters for call to function osal_start_timerEx
   \   000020   7C19         MOV     R4,#0x19
   \   000022   7D00         MOV     R5,#0x0
   \   000024   7A01         MOV     R2,#0x1
   \   000026   7B00         MOV     R3,#0x0
   \   000028   90....       MOV     DPTR,#Hal_TaskID
   \   00002B   E0           MOVX    A,@DPTR
   \   00002C   F9           MOV     R1,A
   \   00002D   12....       LCALL   ??osal_start_timerEx?relay
    462            }
    463          }
   \                     ??halProcessKeyInterrupt_3:
   \   000030                REQUIRE ?Subroutine0
   \   000030                REQUIRE P0IFG
   \   000030                REQUIRE P2IFG
   \   000030                ; // Fall through to label ?Subroutine0
    464          
    465          /**************************************************************************************************
    466           * @fn      HalKeyEnterSleep
    467           *
    468           * @brief  - Get called to enter sleep mode
    469           *
    470           * @param
    471           *
    472           * @return
    473           **************************************************************************************************/

   \                                 In  segment BANKED_CODE, align 1, keep-with-next
    474          void HalKeyEnterSleep ( void )
   \                     HalKeyEnterSleep:
    475          {
   \   000000                ; Saved register size: 0
   \   000000                ; Auto size: 0
    476          }
   \   000000   02....       LJMP    ?BRET
    477          
    478          /**************************************************************************************************
    479           * @fn      HalKeyExitSleep
    480           *
    481           * @brief   - Get called when sleep is over
    482           *
    483           * @param
    484           *
    485           * @return  - return saved keys
    486           **************************************************************************************************/

   \                                 In  segment BANKED_CODE, align 1, keep-with-next
    487          uint8 HalKeyExitSleep ( void )
   \                     HalKeyExitSleep:
    488          {
   \   000000   C082         PUSH    DPL
   \   000002   C083         PUSH    DPH
   \   000004                ; Saved register size: 2
   \   000004                ; Auto size: 0
    489            /* Wake up and read keys */
    490            return ( HalKeyRead () );
   \   000004                ; Setup parameters for call to function HalKeyRead
   \   000004   12....       LCALL   ??HalKeyRead?relay
   \   000007   80..         SJMP    ?Subroutine0
    491          }
    492          
    493          /***************************************************************************************************
    494           *                                    INTERRUPT SERVICE ROUTINE
    495           ***************************************************************************************************/
    496          
    497          /**************************************************************************************************
    498           * @fn      halKeyPort0Isr
    499           *
    500           * @brief   Port0 ISR
    501           *
    502           * @param
    503           *
    504           * @return
    505           **************************************************************************************************/

   \                                 In  segment NEAR_CODE, align 1, keep-with-next
    506          HAL_ISR_FUNCTION( halKeyPort0Isr, P0INT_VECTOR )
   \                     halKeyPort0Isr:
    507          {
   \   000000   C0E0         PUSH    A
   \   000002   74F2         MOV     A,#-0xe
   \   000004   12....       LCALL   ?INTERRUPT_ENTER_XSP
   \   000007                ; Saved register size: 14
   \   000007                ; Auto size: 0
    508            HAL_ENTER_ISR();
   \   000007   A2AF         MOV     C,0xa8.7
   \   000009   E4           CLR     A
   \   00000A   33           RLC     A
   \   00000B   FE           MOV     R6,A
   \   00000C   D2AF         SETB    0xa8.7
    509          
    510            if (HAL_KEY_SW_6_PXIFG & HAL_KEY_SW_6_BIT)
   \   00000E   E589         MOV     A,0x89
   \   000010   A2E1         MOV     C,0xE0 /* A   */.1
   \   000012   5003         JNC     ??halKeyPort0Isr_0
    511            {
    512              halProcessKeyInterrupt();
   \   000014                ; Setup parameters for call to function halProcessKeyInterrupt
   \   000014   12....       LCALL   ??halProcessKeyInterrupt?relay
    513            }
    514          
    515            /*
    516              Clear the CPU interrupt flag for Port_0
    517              PxIFG has to be cleared before PxIF
    518            */
    519            HAL_KEY_SW_6_PXIFG = 0;
   \                     ??halKeyPort0Isr_0:
   \   000017   758900       MOV     0x89,#0x0
    520            HAL_KEY_CPU_PORT_0_IF = 0;
   \   00001A   C2C5         CLR     0xc0.5
    521            
    522            CLEAR_SLEEP_MODE();
    523            HAL_EXIT_ISR();
   \   00001C                REQUIRE ?Subroutine2
   \   00001C                REQUIRE _A_IEN0
   \   00001C                REQUIRE P0IFG
   \   00001C                REQUIRE _A_IRCON
   \   00001C                ; // Fall through to label ?Subroutine2
    524          }

   \                                 In  segment NEAR_CODE, align 1, keep-with-next
   \                     ?Subroutine2:
   \   000000   EE           MOV     A,R6
   \   000001   A2E0         MOV     C,0xE0 /* A   */.0
   \   000003   92AF         MOV     0xa8.7,C
   \   000005   7F01         MOV     R7,#0x1
   \   000007   02....       LJMP    ?INTERRUPT_LEAVE_XSP
    525          
    526          
    527          /**************************************************************************************************
    528           * @fn      halKeyPort2Isr
    529           *
    530           * @brief   Port2 ISR
    531           *
    532           * @param
    533           *
    534           * @return
    535           **************************************************************************************************/

   \                                 In  segment NEAR_CODE, align 1, keep-with-next
    536          HAL_ISR_FUNCTION( halKeyPort2Isr, P2INT_VECTOR )
   \                     halKeyPort2Isr:
    537          {
   \   000000   C0E0         PUSH    A
   \   000002   74F2         MOV     A,#-0xe
   \   000004   12....       LCALL   ?INTERRUPT_ENTER_XSP
   \   000007                ; Saved register size: 14
   \   000007                ; Auto size: 0
    538            HAL_ENTER_ISR();
   \   000007   A2AF         MOV     C,0xa8.7
   \   000009   E4           CLR     A
   \   00000A   33           RLC     A
   \   00000B   FE           MOV     R6,A
   \   00000C   D2AF         SETB    0xa8.7
    539            
    540            if (HAL_KEY_JOY_MOVE_PXIFG & HAL_KEY_JOY_MOVE_BIT)
   \   00000E   E58B         MOV     A,0x8b
   \   000010   A2E0         MOV     C,0xE0 /* A   */.0
   \   000012   5003         JNC     ??halKeyPort2Isr_0
    541            {
    542              halProcessKeyInterrupt();
   \   000014                ; Setup parameters for call to function halProcessKeyInterrupt
   \   000014   12....       LCALL   ??halProcessKeyInterrupt?relay
    543            }
    544          
    545            /*
    546              Clear the CPU interrupt flag for Port_2
    547              PxIFG has to be cleared before PxIF
    548              Notes: P2_1 and P2_2 are debug lines.
    549            */
    550            HAL_KEY_JOY_MOVE_PXIFG = 0;
   \                     ??halKeyPort2Isr_0:
   \   000017   758B00       MOV     0x8b,#0x0
    551            HAL_KEY_CPU_PORT_2_IF = 0;
   \   00001A   C2E8         CLR     0xe8.0
    552          
    553            CLEAR_SLEEP_MODE();
    554            HAL_EXIT_ISR();
   \   00001C   80..         SJMP    ?Subroutine2
   \   00001E                REQUIRE _A_IEN0
   \   00001E                REQUIRE P2IFG
   \   00001E                REQUIRE _A_IRCON2
    555          }

   \                                 In  segment INTVEC, offset 0x33, root
   \                     `??halKeyPort2Isr??INTVEC 51`:
   \   000033   02....       LJMP       (halKeyPort2Isr)

   \                                 In  segment INTVEC, offset 0x6b, root
   \                     `??halKeyPort0Isr??INTVEC 107`:
   \   00006B   02....       LJMP       (halKeyPort0Isr)

   \                                 In  segment BANK_RELAYS, align 1
   \                     ??HalKeyInit?relay:
   \   000000   12....       LCALL   ?BDISPATCH
   \   000003   ......       DC24    HalKeyInit

   \                                 In  segment BANK_RELAYS, align 1
   \                     ??HalKeyConfig?relay:
   \   000000   12....       LCALL   ?BDISPATCH
   \   000003   ......       DC24    HalKeyConfig

   \                                 In  segment BANK_RELAYS, align 1
   \                     ??HalKeyRead?relay:
   \   000000   12....       LCALL   ?BDISPATCH
   \   000003   ......       DC24    HalKeyRead

   \                                 In  segment BANK_RELAYS, align 1
   \                     ??HalKeyPoll?relay:
   \   000000   12....       LCALL   ?BDISPATCH
   \   000003   ......       DC24    HalKeyPoll

   \                                 In  segment BANK_RELAYS, align 1
   \                     ??halGetJoyKeyInput?relay:
   \   000000   12....       LCALL   ?BDISPATCH
   \   000003   ......       DC24    halGetJoyKeyInput

   \                                 In  segment BANK_RELAYS, align 1
   \                     ??halProcessKeyInterrupt?relay:
   \   000000   12....       LCALL   ?BDISPATCH
   \   000003   ......       DC24    halProcessKeyInterrupt

   \                                 In  segment BANK_RELAYS, align 1
   \                     ??HalKeyEnterSleep?relay:
   \   000000   12....       LCALL   ?BDISPATCH
   \   000003   ......       DC24    HalKeyEnterSleep

   \                                 In  segment BANK_RELAYS, align 1
   \                     ??HalKeyExitSleep?relay:
   \   000000   12....       LCALL   ?BDISPATCH
   \   000003   ......       DC24    HalKeyExitSleep
    556          
    557          #else
    558          
    559          
    560          void HalKeyInit(void){}
    561          void HalKeyConfig(bool interruptEnable, halKeyCBack_t cback){}
    562          uint8 HalKeyRead(void){ return 0;}
    563          void HalKeyPoll(void){}
    564          
    565          #endif /* HAL_KEY */
    566          
    567          
    568          
    569          
    570          
    571          /**************************************************************************************************
    572          **************************************************************************************************/
    573          
    574          
    575          

   Maximum stack usage in bytes:

     Function                    ISTACK PSTACK XSTACK
     --------                    ------ ------ ------
     HalKeyConfig                    0      0      9
       -> osal_stop_timerEx          0      0     18
       -> osal_set_event             0      0     18
     HalKeyEnterSleep                0      0      0
     HalKeyExitSleep                 2      0      0
       -> HalKeyRead                 4      0      0
     HalKeyInit                      2      0      0
     HalKeyPoll                      2      0      0
     HalKeyRead                      0      0      9
       -> halGetJoyKeyInput          0      0     18
     halGetJoyKeyInput               0      0     18
       -> HalAdcRead                 0      0     18
     halKeyPort0Isr                  0      0     14
       -> halProcessKeyInterrupt     0      0     28
     halKeyPort2Isr                  0      0     14
       -> halProcessKeyInterrupt     0      0     28
     halProcessKeyInterrupt          2      0     14
       -> osal_start_timerEx         4      0      0


   Segment part sizes:

     Function/Label                 Bytes
     --------------                 -----
     _A_P0                             1
     P0IFG                             1
     P2IFG                             1
     PICTL                             1
     IEN2                              1
     _A_P2                             1
     _A_IEN0                           1
     P0IEN                             1
     P2IEN                             1
     _A_IEN1                           1
     _A_IRCON                          1
     _A_IRCON2                         1
     P0SEL                             1
     P0DIR                             1
     halKeySavedKeys                   1
     pHalKeyProcessFunction            2
     HalKeyConfigured                  1
     Hal_KeyIntEnable                  1
     HalKeyInit                       34
     ?Subroutine0                      7
     HalKeyConfig                    107
     HalKeyRead                       27
     ?Subroutine1                      5
     HalKeyPoll                       77
     halGetJoyKeyInput                91
     halProcessKeyInterrupt           48
     HalKeyEnterSleep                  3
     HalKeyExitSleep                   9
     halKeyPort0Isr                   28
     ?Subroutine2                     10
     halKeyPort2Isr                   30
     ??halKeyPort2Isr??INTVEC 51       3
     ??halKeyPort0Isr??INTVEC 107      3
     ??HalKeyInit?relay                6
     ??HalKeyConfig?relay              6
     ??HalKeyRead?relay                6
     ??HalKeyPoll?relay                6
     ??halGetJoyKeyInput?relay         6
     ??halProcessKeyInterrupt?relay    6
     ??HalKeyEnterSleep?relay          6
     ??HalKeyExitSleep?relay           6

 
 408 bytes in segment BANKED_CODE
  48 bytes in segment BANK_RELAYS
   6 bytes in segment INTVEC
  68 bytes in segment NEAR_CODE
  14 bytes in segment SFR_AN
   5 bytes in segment XDATA_Z
 
 524 bytes of CODE  memory (+  6 bytes shared)
   0 bytes of DATA  memory (+ 14 bytes shared)
   5 bytes of XDATA memory

Errors: none
Warnings: none
